<?xml version="1.0" encoding="UTF-8"?>
<!-- Generated by org.testng.reporters.JUnitReportReporter -->
<testsuite hostname="DELLi310GEN" failures="0" tests="3" name="testNGScripts.Test1" time="0.010" errors="0" timestamp="2022-04-13T09:10:34 IST" skipped="0">
  <testcase classname="testNGScripts.Test1" name="TestCase_3" time="0.000"/>
  <system-out/>
  <testcase classname="testNGScripts.Test1" name="TestCase_2" time="0.004"/>
  <system-out/>
  <testcase classname="testNGScripts.Test1" name="TestCase_1" time="0.006"/>
  <system-out/>
</testsuite> <!-- testNGScripts.Test1 -->
