<?xml version="1.0" encoding="UTF-8"?>
<!-- Generated by org.testng.reporters.JUnitReportReporter -->
<testsuite hostname="DELLi310GEN" failures="0" tests="2" name="testNGScripts.TG_LoginModule" time="25.997" errors="0" timestamp="2022-04-14T08:30:23 IST" skipped="0">
  <testcase classname="testNGScripts.TG_LoginModule" name="TC1_Verify_Login_with_Valid_Credentials" time="16.243"/>
  <system-out/>
  <testcase classname="testNGScripts.TG_LoginModule" name="TC2_Verify_Login_with_Invalid_Credentials" time="9.754"/>
  <system-out/>
</testsuite> <!-- testNGScripts.TG_LoginModule -->
