<?xml version="1.0" encoding="UTF-8"?>
<!-- Generated by org.testng.reporters.JUnitReportReporter -->
<testsuite hostname="DELLi310GEN" failures="0" tests="3" name="testNGScripts.TG_priorityEx" time="0.016" errors="0" timestamp="2022-04-14T08:09:27 IST" skipped="0">
  <testcase classname="testNGScripts.TG_priorityEx" name="apple" time="0.010"/>
  <system-out/>
  <testcase classname="testNGScripts.TG_priorityEx" name="carnival" time="0.002"/>
  <system-out/>
  <testcase classname="testNGScripts.TG_priorityEx" name="belano" time="0.004"/>
  <system-out/>
</testsuite> <!-- testNGScripts.TG_priorityEx -->
